<?xml version="1.0" encoding="UTF-8"?>
<!-- Generated by org.testng.reporters.JUnitXMLReporter -->
<testsuite ignored="0" hostname="DESKTOP-JJUFKF7" failures="1" tests="2" name="myTest01" time="0.082" errors="0" timestamp="2021-04-16T16:55:18 IST">
  <testcase classname="Day29.myTest1" name="test1" time="0.023"/>
  <testcase classname="Day29.myTest1" name="test2" time="0.002">
    <failure type="java.lang.AssertionError" message="expected [true] but found [false]">
      <![CDATA[java.lang.AssertionError: expected [true] but found [false]
at Day29.myTest1.test2(myTest1.java:18)
at java.base/java.util.ArrayList.forEach(ArrayList.java:1510)
... Removed 31 stack frames]]>
    </failure>
  </testcase> <!-- test2 -->
</testsuite> <!-- myTest01 -->
