<?xml version="1.0" encoding="UTF-8"?>
<testng-results ignored="0" total="2" passed="2" failed="0" skipped="0">
  <reporter-output>
  </reporter-output>
  <suite started-at="2021-04-17T13:53:32 IST" name="Default suite" finished-at="2021-04-17T13:54:14 IST" duration-ms="42369">
    <groups>
    </groups>
    <test started-at="2021-04-17T13:53:32 IST" name="Default test" finished-at="2021-04-17T13:54:14 IST" duration-ms="42369">
      <class name="Day32.ParamTest">
        <test-method is-config="true" signature="setup()[pri:0, instance:Day32.ParamTest@3d121db3]" started-at="2021-04-17T13:53:32 IST" name="setup" finished-at="2021-04-17T13:54:12 IST" duration-ms="39840" status="PASS">
          <reporter-output>
          </reporter-output>
        </test-method> <!-- setup -->
        <test-method signature="testLogo()[pri:1, instance:Day32.ParamTest@3d121db3]" started-at="2021-04-17T13:54:12 IST" name="testLogo" finished-at="2021-04-17T13:54:12 IST" duration-ms="354" status="PASS">
          <reporter-output>
          </reporter-output>
        </test-method> <!-- testLogo -->
        <test-method signature="testTitle()[pri:2, instance:Day32.ParamTest@3d121db3]" started-at="2021-04-17T13:54:12 IST" name="testTitle" finished-at="2021-04-17T13:54:12 IST" duration-ms="14" status="PASS">
          <reporter-output>
          </reporter-output>
        </test-method> <!-- testTitle -->
        <test-method is-config="true" signature="tearDown()[pri:0, instance:Day32.ParamTest@3d121db3]" started-at="2021-04-17T13:54:12 IST" name="tearDown" finished-at="2021-04-17T13:54:14 IST" duration-ms="2087" status="PASS">
          <reporter-output>
          </reporter-output>
        </test-method> <!-- tearDown -->
      </class> <!-- Day32.ParamTest -->
    </test> <!-- Default test -->
  </suite> <!-- Default suite -->
</testng-results>
